2014-08-31 04:17:18.870 myFirstIsonicApp[79523:70b] Multi-tasking -> Device: YES, App: YES
2014-08-31 04:17:18.878 myFirstIsonicApp[79523:70b] Unlimited access to network resources
2014-08-31 04:17:18.895 myFirstIsonicApp[79523:70b] [CDVTimer][keyboard] 0.054002ms
2014-08-31 04:17:18.896 myFirstIsonicApp[79523:70b] CDVPlugin class CDVStatusBar (pluginName: statusbar) does not exist.
2014-08-31 04:17:18.896 myFirstIsonicApp[79523:70b] [CDVTimer][statusbar] 0.369012ms
2014-08-31 04:17:18.896 myFirstIsonicApp[79523:70b] [CDVTimer][TotalPluginStartup] 1.250982ms
2014-08-31 04:17:18.987 myFirstIsonicApp[79523:70b] Resetting plugins due to page load.
2014-08-31 04:17:19.208 myFirstIsonicApp[79523:70b] Finished load of: file:///Users/taka/Library/Application%20Support/iPhone%20Simulator/7.1/Applications/AB76DAD9-32B8-408F-8381-5D0ECF2CDACA/myFirstIsonicApp.app/www/index.html#/tab/dash
2014-08-31 16:26:43.997 myFirstIsonicApp[80261:70b] Multi-tasking -> Device: YES, App: YES
2014-08-31 16:26:44.005 myFirstIsonicApp[80261:70b] Unlimited access to network resources
2014-08-31 16:26:44.027 myFirstIsonicApp[80261:70b] [CDVTimer][keyboard] 0.063002ms
2014-08-31 16:26:44.028 myFirstIsonicApp[80261:70b] CDVPlugin class CDVStatusBar (pluginName: statusbar) does not exist.
2014-08-31 16:26:44.028 myFirstIsonicApp[80261:70b] [CDVTimer][statusbar] 0.382006ms
2014-08-31 16:26:44.028 myFirstIsonicApp[80261:70b] [CDVTimer][TotalPluginStartup] 1.294017ms
2014-08-31 16:26:44.133 myFirstIsonicApp[80261:70b] Resetting plugins due to page load.
2014-08-31 16:26:44.406 myFirstIsonicApp[80261:70b] Finished load of: file:///Users/taka/Library/Application%20Support/iPhone%20Simulator/7.1/Applications/AB76DAD9-32B8-408F-8381-5D0ECF2CDACA/myFirstIsonicApp.app/www/index.html#/tab/dash
2014-08-31 17:49:00.551 myFirstIsonicApp[81091:70b] Multi-tasking -> Device: YES, App: YES
2014-08-31 17:49:00.558 myFirstIsonicApp[81091:70b] Unlimited access to network resources
2014-08-31 17:49:00.577 myFirstIsonicApp[81091:70b] [CDVTimer][keyboard] 0.055015ms
2014-08-31 17:49:00.577 myFirstIsonicApp[81091:70b] CDVPlugin class CDVStatusBar (pluginName: statusbar) does not exist.
2014-08-31 17:49:00.578 myFirstIsonicApp[81091:70b] [CDVTimer][statusbar] 0.429034ms
2014-08-31 17:49:00.578 myFirstIsonicApp[81091:70b] [CDVTimer][TotalPluginStartup] 1.329958ms
2014-08-31 17:49:00.668 myFirstIsonicApp[81091:70b] Resetting plugins due to page load.
2014-08-31 17:49:00.992 myFirstIsonicApp[81091:70b] Finished load of: file:///Users/taka/Library/Application%20Support/iPhone%20Simulator/7.1/Applications/AB76DAD9-32B8-408F-8381-5D0ECF2CDACA/myFirstIsonicApp.app/www/index.html#/tab/dash
2014-09-01 00:00:28.114 myFirstIsonicApp[82503:70b] Multi-tasking -> Device: YES, App: YES
2014-09-01 00:00:28.122 myFirstIsonicApp[82503:70b] Unlimited access to network resources
2014-09-01 00:00:28.139 myFirstIsonicApp[82503:70b] [CDVTimer][keyboard] 0.087976ms
2014-09-01 00:00:28.140 myFirstIsonicApp[82503:70b] CDVPlugin class CDVStatusBar (pluginName: statusbar) does not exist.
2014-09-01 00:00:28.140 myFirstIsonicApp[82503:70b] [CDVTimer][statusbar] 0.433028ms
2014-09-01 00:00:28.141 myFirstIsonicApp[82503:70b] [CDVTimer][TotalPluginStartup] 1.504958ms
2014-09-01 00:00:28.222 myFirstIsonicApp[82503:70b] Resetting plugins due to page load.
2014-09-01 00:00:28.637 myFirstIsonicApp[82503:70b] Finished load of: file:///Users/taka/Library/Application%20Support/iPhone%20Simulator/7.1/Applications/AB76DAD9-32B8-408F-8381-5D0ECF2CDACA/myFirstIsonicApp.app/www/index.html#/tab/dash
